2003.01.15 21:08 B C:\Documents and Settings\Jack\My Documents\BashTrashWebSite\web\graphics\3demail.gif <-- Jack /web/graphics 3demail.gif
2003.01.15 21:08 B C:\Documents and Settings\Jack\My Documents\BashTrashWebSite\web\graphics\5gallon-tilt.gif <-- Jack /web/graphics 5gallon-tilt.gif
2003.01.15 21:08 B C:\Documents and Settings\Jack\My Documents\BashTrashWebSite\web\graphics\5gallon.gif <-- Jack /web/graphics 5gallon.gif
2003.01.15 21:08 B C:\Documents and Settings\Jack\My Documents\BashTrashWebSite\web\graphics\adam.gif <-- Jack /web/graphics adam.gif
2003.01.15 21:08 B C:\Documents and Settings\Jack\My Documents\BashTrashWebSite\web\graphics\bin-tilt.gif <-- Jack /web/graphics bin-tilt.gif
2003.01.15 21:08 B C:\Documents and Settings\Jack\My Documents\BashTrashWebSite\web\graphics\bin.gif <-- Jack /web/graphics bin.gif
2003.01.15 21:08 B C:\Documents and Settings\Jack\My Documents\BashTrashWebSite\web\graphics\bin2.gif <-- Jack /web/graphics bin2.gif
2003.01.15 21:08 B C:\Documents and Settings\Jack\My Documents\BashTrashWebSite\web\graphics\bio.swf <-- Jack /web/graphics bio.swf
2003.01.15 21:08 B C:\Documents and Settings\Jack\My Documents\BashTrashWebSite\web\graphics\blueline.gif <-- Jack /web/graphics blueline.gif
2003.01.15 21:08 B C:\Documents and Settings\Jack\My Documents\BashTrashWebSite\web\graphics\button1.swf <-- Jack /web/graphics button1.swf
2003.01.15 21:08 B C:\Documents and Settings\Jack\My Documents\BashTrashWebSite\web\graphics\Can.gif <-- Jack /web/graphics Can.gif
2003.01.15 21:08 B C:\Documents and Settings\Jack\My Documents\BashTrashWebSite\web\graphics\config.data <-- Jack /web/graphics config.data
2003.01.15 21:09 B C:\Documents and Settings\Jack\My Documents\BashTrashWebSite\web\graphics\countdown.gif <-- Jack /web/graphics countdown.gif
2003.01.15 21:09 B C:\Documents and Settings\Jack\My Documents\BashTrashWebSite\web\graphics\fair-logo.gif <-- Jack /web/graphics fair-logo.gif
2003.01.15 21:09 B C:\Documents and Settings\Jack\My Documents\BashTrashWebSite\web\graphics\gear.gif <-- Jack /web/graphics gear.gif
2003.01.15 21:09 B C:\Documents and Settings\Jack\My Documents\BashTrashWebSite\web\graphics\history-button.gif <-- Jack /web/graphics history-button.gif
2003.01.15 21:09 B C:\Documents and Settings\Jack\My Documents\BashTrashWebSite\web\graphics\history.swf <-- Jack /web/graphics history.swf
2003.01.15 21:09 B C:\Documents and Settings\Jack\My Documents\BashTrashWebSite\web\graphics\jack-bottle.gif <-- Jack /web/graphics jack-bottle.gif
2003.01.15 21:09 B C:\Documents and Settings\Jack\My Documents\BashTrashWebSite\web\graphics\kqca-logo.jpg <-- Jack /web/graphics kqca-logo.jpg
2003.01.15 21:09 B C:\Documents and Settings\Jack\My Documents\BashTrashWebSite\web\graphics\milkcrate.gif <-- Jack /web/graphics milkcrate.gif
2003.01.15 21:09 B C:\Documents and Settings\Jack\My Documents\BashTrashWebSite\web\graphics\multimedia.swf <-- Jack /web/graphics multimedia.swf
2003.01.15 21:09 B C:\Documents and Settings\Jack\My Documents\BashTrashWebSite\web\graphics\perform-button.gif <-- Jack /web/graphics perform-button.gif
2003.01.15 21:09 B C:\Documents and Settings\Jack\My Documents\BashTrashWebSite\web\graphics\pole.gif <-- Jack /web/graphics pole.gif
2003.01.15 21:09 B C:\Documents and Settings\Jack\My Documents\BashTrashWebSite\web\graphics\pz-logo-applet.aef <-- Jack /web/graphics pz-logo-applet.aef
2003.01.15 21:09 B C:\Documents and Settings\Jack\My Documents\BashTrashWebSite\web\graphics\pz-logo.jpg <-- Jack /web/graphics pz-logo.jpg
2003.01.15 21:09 B C:\Documents and Settings\Jack\My Documents\BashTrashWebSite\web\graphics\redbutton.gif <-- Jack /web/graphics redbutton.gif
2003.01.15 21:09 B C:\Documents and Settings\Jack\My Documents\BashTrashWebSite\web\graphics\shaun-lids.gif <-- Jack /web/graphics shaun-lids.gif
2003.01.15 21:09 B C:\Documents and Settings\Jack\My Documents\BashTrashWebSite\web\graphics\wm-logo.gif <-- Jack /web/graphics wm-logo.gif
